0 info it worked if it ends with ok
1 verbose cli [ '/usr/local/bin/node',
1 verbose cli   '/usr/local/bin/npm',
1 verbose cli   'run-script',
1 verbose cli   'test' ]
2 info using npm@1.4.28
3 info using node@v0.10.32
4 verbose run-script [ 'pretest', 'test', 'posttest' ]
5 info pretest drag-mock@1.1.0
6 info test drag-mock@1.1.0
7 verbose unsafe-perm in lifecycle true
8 info drag-mock@1.1.0 Failed to exec test script
9 error drag-mock@1.1.0 test: `gulp test`
9 error Exit status 1
10 error Failed at the drag-mock@1.1.0 test script.
10 error This is most likely a problem with the drag-mock package,
10 error not with npm itself.
10 error Tell the author that this fails on your system:
10 error     gulp test
10 error You can get their info via:
10 error     npm owner ls drag-mock
10 error There is likely additional logging output above.
11 error System Darwin 14.1.0
12 error command "/usr/local/bin/node" "/usr/local/bin/npm" "run-script" "test"
13 error cwd /Users/mnichols/dev/drag-mock
14 error node -v v0.10.32
15 error npm -v 1.4.28
16 error code ELIFECYCLE
17 verbose exit [ 1, true ]
